CaretakerApp/app/build/intermediates/manifest_merge_blame_file/release/manifest-merger-blame-release-report.txt
1<?xml version="1.0" encoding="utf-8"?>
2<manifest xmlns:android="http://schemas.android.com/apk/res/android"
3    package="com.mihir.alzheimerscaregiver.caretaker"
4    android:versionCode="1"
5    android:versionName="1.0" >
6
7    <uses-sdk
8        android:minSdkVersion="26"
9        android:targetSdkVersion="34" />
10
11    <uses-permission android:name="android.permission.INTERNET" />
11-->src\main\AndroidManifest.xml:5:5-67
11-->src\main\AndroidManifest.xml:5:22-64
12    <uses-permission android:name="android.permission.ACCESS_NETWORK_STATE" />
12-->src\main\AndroidManifest.xml:6:5-79
12-->src\main\AndroidManifest.xml:6:22-76
13    <uses-permission android:name="android.permission.SCHEDULE_EXACT_ALARM" />
13-->src\main\AndroidManifest.xml:7:5-79
13-->src\main\AndroidManifest.xml:7:22-76
14    <uses-permission android:name="android.permission.USE_EXACT_ALARM" />
14-->src\main\AndroidManifest.xml:8:5-74
14-->src\main\AndroidManifest.xml:8:22-71
15    <uses-permission android:name="android.permission.POST_NOTIFICATIONS" />
15-->src\main\AndroidManifest.xml:9:5-77
15-->src\main\AndroidManifest.xml:9:22-74
16    <uses-permission android:name="android.permission.VIBRATE" />
16-->src\main\AndroidManifest.xml:10:5-66
16-->src\main\AndroidManifest.xml:10:22-63
17    <uses-permission android:name="android.permission.WAKE_LOAD" />
17-->src\main\AndroidManifest.xml:11:5-68
17-->src\main\AndroidManifest.xml:11:22-65
18
19    <!-- Location permissions for maps -->
20    <uses-permission android:name="android.permission.ACCESS_FINE_LOCATION" />
20-->src\main\AndroidManifest.xml:14:5-79
20-->src\main\AndroidManifest.xml:14:22-76
21    <uses-permission android:name="android.permission.ACCESS_COARSE_LOCATION" />
21-->src\main\AndroidManifest.xml:15:5-81
21-->src\main\AndroidManifest.xml:15:22-78
22
23    <!-- Phone permission for emergency contacts -->
24    <uses-permission android:name="android.permission.CALL_PHONE" />
24-->src\main\AndroidManifest.xml:18:5-69
24-->src\main\AndroidManifest.xml:18:22-66
25    <uses-permission android:name="android.permission.WAKE_LOCK" /> <!-- Required by older versions of Google Play services to create IID tokens -->
25-->[com.google.firebase:firebase-messaging:23.4.1] AndroidManifest.xml:24:5-68
25-->[com.google.firebase:firebase-messaging:23.4.1] AndroidManifest.xml:24:22-65
26    <uses-permission android:name="com.google.android.c2dm.permission.RECEIVE" />
26-->[com.google.firebase:firebase-messaging:23.4.1] AndroidManifest.xml:26:5-82
26-->[com.google.firebase:firebase-messaging:23.4.1] AndroidManifest.xml:26:22-79
27
28    <uses-feature
28-->[com.google.android.gms:play-services-maps:18.2.0] AndroidManifest.xml:26:5-28:35
29        android:glEsVersion="0x00020000"
29-->[com.google.android.gms:play-services-maps:18.2.0] AndroidManifest.xml:27:9-41
30        android:required="true" />
30-->[com.google.android.gms:play-services-maps:18.2.0] AndroidManifest.xml:28:9-32
31
32    <queries>
32-->[com.google.android.gms:play-services-maps:18.2.0] AndroidManifest.xml:30:5-34:15
33
34        <!-- Needs to be explicitly declared on Android R+ -->
35        <package android:name="com.google.android.apps.maps" />
35-->[com.google.android.gms:play-services-maps:18.2.0] AndroidManifest.xml:33:9-64
35-->[com.google.android.gms:play-services-maps:18.2.0] AndroidManifest.xml:33:18-61
36    </queries>
37
38    <uses-permission android:name="com.google.android.providers.gsf.permission.READ_GSERVICES" />
38-->[com.google.android.recaptcha:recaptcha:18.4.0] AndroidManifest.xml:9:5-98
38-->[com.google.android.recaptcha:recaptcha:18.4.0] AndroidManifest.xml:9:22-95
39
40    <permission
40-->[androidx.core:core:1.9.0] AndroidManifest.xml:22:5-24:47
41        android:name="com.mihir.alzheimerscaregiver.caretaker.DYNAMIC_RECEIVER_NOT_EXPORTED_PERMISSION"
41-->[androidx.core:core:1.9.0] AndroidManifest.xml:23:9-81
42        android:protectionLevel="signature" />
42-->[androidx.core:core:1.9.0] AndroidManifest.xml:24:9-44
43
44    <uses-permission android:name="com.mihir.alzheimerscaregiver.caretaker.DYNAMIC_RECEIVER_NOT_EXPORTED_PERMISSION" />
44-->[androidx.core:core:1.9.0] AndroidManifest.xml:26:5-97
44-->[androidx.core:core:1.9.0] AndroidManifest.xml:26:22-94
45
46    <application
46-->src\main\AndroidManifest.xml:20:5-176:19
47        android:allowBackup="true"
47-->src\main\AndroidManifest.xml:21:9-35
48        android:appComponentFactory="androidx.core.app.CoreComponentFactory"
48-->[androidx.core:core:1.9.0] AndroidManifest.xml:28:18-86
49        android:dataExtractionRules="@xml/data_extraction_rules"
49-->src\main\AndroidManifest.xml:22:9-65
50        android:extractNativeLibs="false"
51        android:fullBackupContent="@xml/backup_rules"
51-->src\main\AndroidManifest.xml:23:9-54
52        android:icon="@mipmap/ic_launcher"
52-->src\main\AndroidManifest.xml:24:9-43
53        android:label="@string/app_name"
53-->src\main\AndroidManifest.xml:25:9-41
54        android:roundIcon="@mipmap/ic_launcher_round"
54-->src\main\AndroidManifest.xml:26:9-54
55        android:supportsRtl="true"
55-->src\main\AndroidManifest.xml:27:9-35
56        android:theme="@style/Theme.CaretakerApp" >
56-->src\main\AndroidManifest.xml:28:9-50
57
58        <!-- Google Maps API Key -->
59        <meta-data
60            android:name="com.google.android.geo.API_KEY"
60-->src\main\AndroidManifest.xml:33:13-58
61            android:value="AIzaSyB5cS_sDtZ17l2u1RAs2P7lpuAHoFydIJw" />
61-->src\main\AndroidManifest.xml:34:13-42
62
63        <!-- SplashActivity as the main launcher -->
64        <activity
64-->src\main\AndroidManifest.xml:37:9-45:20
65            android:name="com.mihir.alzheimerscaregiver.caretaker.SplashActivity"
65-->src\main\AndroidManifest.xml:38:13-43
66            android:exported="true"
66-->src\main\AndroidManifest.xml:39:13-36
67            android:theme="@style/Theme.CaretakerApp.NoActionBar" >
67-->src\main\AndroidManifest.xml:40:13-66
68            <intent-filter>
68-->src\main\AndroidManifest.xml:41:13-44:29
69                <action android:name="android.intent.action.MAIN" />
69-->src\main\AndroidManifest.xml:42:17-69
69-->src\main\AndroidManifest.xml:42:25-66
70
71                <category android:name="android.intent.category.LAUNCHER" />
71-->src\main\AndroidManifest.xml:43:17-77
71-->src\main\AndroidManifest.xml:43:27-74
72            </intent-filter>
73        </activity>
74        <activity
74-->src\main\AndroidManifest.xml:47:9-50:69
75            android:name="com.mihir.alzheimerscaregiver.caretaker.auth.LoginActivity"
75-->src\main\AndroidManifest.xml:48:13-47
76            android:exported="false"
76-->src\main\AndroidManifest.xml:49:13-37
77            android:theme="@style/Theme.CaretakerApp.NoActionBar" />
77-->src\main\AndroidManifest.xml:50:13-66
78        <activity
78-->src\main\AndroidManifest.xml:52:9-55:69
79            android:name="com.mihir.alzheimerscaregiver.caretaker.auth.RegisterActivity"
79-->src\main\AndroidManifest.xml:53:13-50
80            android:exported="false"
80-->src\main\AndroidManifest.xml:54:13-37
81            android:theme="@style/Theme.CaretakerApp.NoActionBar" />
81-->src\main\AndroidManifest.xml:55:13-66
82        <activity
82-->src\main\AndroidManifest.xml:57:9-59:40
83            android:name="com.mihir.alzheimerscaregiver.caretaker.PatientLinkActivity"
83-->src\main\AndroidManifest.xml:58:13-48
84            android:exported="false" />
84-->src\main\AndroidManifest.xml:59:13-37
85        <activity
85-->src\main\AndroidManifest.xml:61:9-63:40
86            android:name="com.mihir.alzheimerscaregiver.caretaker.ScheduleMmseTestActivity"
86-->src\main\AndroidManifest.xml:62:13-53
87            android:exported="false" />
87-->src\main\AndroidManifest.xml:63:13-37
88        <activity
88-->src\main\AndroidManifest.xml:65:9-67:40
89            android:name="com.mihir.alzheimerscaregiver.caretaker.MainActivity"
89-->src\main\AndroidManifest.xml:66:13-41
90            android:exported="false" />
90-->src\main\AndroidManifest.xml:67:13-37
91        <activity
91-->src\main\AndroidManifest.xml:69:9-71:40
92            android:name="com.mihir.alzheimerscaregiver.caretaker.AddMedicationActivity"
92-->src\main\AndroidManifest.xml:70:13-50
93            android:exported="false" />
93-->src\main\AndroidManifest.xml:71:13-37
94        <activity
94-->src\main\AndroidManifest.xml:73:9-77:69
95            android:name="com.mihir.alzheimerscaregiver.caretaker.activities.MedicationListActivity"
95-->src\main\AndroidManifest.xml:74:13-62
96            android:exported="false"
96-->src\main\AndroidManifest.xml:75:13-37
97            android:label="Medications"
97-->src\main\AndroidManifest.xml:76:13-40
98            android:theme="@style/Theme.CaretakerApp.NoActionBar" />
98-->src\main\AndroidManifest.xml:77:13-66
99        <activity
99-->src\main\AndroidManifest.xml:79:9-83:69
100            android:name="com.mihir.alzheimerscaregiver.caretaker.activities.MedicationDetailActivity"
100-->src\main\AndroidManifest.xml:80:13-64
101            android:exported="false"
101-->src\main\AndroidManifest.xml:81:13-37
102            android:label="Medication Details"
102-->src\main\AndroidManifest.xml:82:13-47
103            android:theme="@style/Theme.CaretakerApp.NoActionBar" />
103-->src\main\AndroidManifest.xml:83:13-66
104        <activity
104-->src\main\AndroidManifest.xml:85:9-87:40
105            android:name="com.mihir.alzheimerscaregiver.caretaker.AddTaskActivity"
105-->src\main\AndroidManifest.xml:86:13-44
106            android:exported="false" />
106-->src\main\AndroidManifest.xml:87:13-37
107        <activity
107-->src\main\AndroidManifest.xml:89:9-93:69
108            android:name="com.mihir.alzheimerscaregiver.caretaker.activities.TaskListActivity"
108-->src\main\AndroidManifest.xml:90:13-56
109            android:exported="false"
109-->src\main\AndroidManifest.xml:91:13-37
110            android:label="Task Management"
110-->src\main\AndroidManifest.xml:92:13-44
111            android:theme="@style/Theme.CaretakerApp.NoActionBar" />
111-->src\main\AndroidManifest.xml:93:13-66
112        <activity
112-->src\main\AndroidManifest.xml:95:9-99:69
113            android:name="com.mihir.alzheimerscaregiver.caretaker.activities.AddEditTaskActivity"
113-->src\main\AndroidManifest.xml:96:13-59
114            android:exported="false"
114-->src\main\AndroidManifest.xml:97:13-37
115            android:label="Task Details"
115-->src\main\AndroidManifest.xml:98:13-41
116            android:theme="@style/Theme.CaretakerApp.NoActionBar" />
116-->src\main\AndroidManifest.xml:99:13-66
117        <activity
117-->src\main\AndroidManifest.xml:101:9-103:40
118            android:name="com.mihir.alzheimerscaregiver.caretaker.AddEmergencyContactActivity"
118-->src\main\AndroidManifest.xml:102:13-56
119            android:exported="false" />
119-->src\main\AndroidManifest.xml:103:13-37
120
121        <!-- Emergency Contacts Activities -->
122        <activity
122-->src\main\AndroidManifest.xml:106:9-110:69
123            android:name="com.mihir.alzheimerscaregiver.caretaker.activities.EmergencyContactsActivity"
123-->src\main\AndroidManifest.xml:107:13-65
124            android:exported="false"
124-->src\main\AndroidManifest.xml:108:13-37
125            android:label="Emergency Contacts"
125-->src\main\AndroidManifest.xml:109:13-47
126            android:theme="@style/Theme.CaretakerApp.NoActionBar" />
126-->src\main\AndroidManifest.xml:110:13-66
127        <activity
127-->src\main\AndroidManifest.xml:112:9-116:69
128            android:name="com.mihir.alzheimerscaregiver.caretaker.activities.AddEditEmergencyContactActivity"
128-->src\main\AndroidManifest.xml:113:13-71
129            android:exported="false"
129-->src\main\AndroidManifest.xml:114:13-37
130            android:label="Add Emergency Contact"
130-->src\main\AndroidManifest.xml:115:13-50
131            android:theme="@style/Theme.CaretakerApp.NoActionBar" />
131-->src\main\AndroidManifest.xml:116:13-66
132        <activity
132-->src\main\AndroidManifest.xml:118:9-120:40
133            android:name="com.mihir.alzheimerscaregiver.caretaker.SettingsActivity"
133-->src\main\AndroidManifest.xml:119:13-45
134            android:exported="false" />
134-->src\main\AndroidManifest.xml:120:13-37
135        <activity
135-->src\main\AndroidManifest.xml:122:9-124:40
136            android:name="com.mihir.alzheimerscaregiver.caretaker.MmseResultsActivity"
136-->src\main\AndroidManifest.xml:123:13-48
137            android:exported="false" />
137-->src\main\AndroidManifest.xml:124:13-37
138        <activity
138-->src\main\AndroidManifest.xml:127:9-129:40
139            android:name="com.mihir.alzheimerscaregiver.caretaker.CustomMmseQuestionsActivity"
139-->src\main\AndroidManifest.xml:128:13-56
140            android:exported="false" />
140-->src\main\AndroidManifest.xml:129:13-37
141        <activity
141-->src\main\AndroidManifest.xml:131:9-133:40
142            android:name="com.mihir.alzheimerscaregiver.caretaker.MmseResultDetailActivity"
142-->src\main\AndroidManifest.xml:132:13-53
143            android:exported="false" />
143-->src\main\AndroidManifest.xml:133:13-37
144        <activity
144-->src\main\AndroidManifest.xml:135:9-137:40
145            android:name="com.mihir.alzheimerscaregiver.caretaker.PatientProfileEntryActivity"
145-->src\main\AndroidManifest.xml:136:13-56
146            android:exported="false" />
146-->src\main\AndroidManifest.xml:137:13-37
147
148        <!-- Location Monitoring Activities -->
149        <activity
149-->src\main\AndroidManifest.xml:140:9-144:69
150            android:name="com.mihir.alzheimerscaregiver.caretaker.CaretakerMapActivity"
150-->src\main\AndroidManifest.xml:141:13-49
151            android:exported="false"
151-->src\main\AndroidManifest.xml:142:13-37
152            android:label="Patient Location"
152-->src\main\AndroidManifest.xml:143:13-45
153            android:theme="@style/Theme.CaretakerApp.NoActionBar" />
153-->src\main\AndroidManifest.xml:144:13-66
154        <activity
154-->src\main\AndroidManifest.xml:146:9-150:69
155            android:name="com.mihir.alzheimerscaregiver.caretaker.HistoryActivity"
155-->src\main\AndroidManifest.xml:147:13-44
156            android:exported="false"
156-->src\main\AndroidManifest.xml:148:13-37
157            android:label="Location History"
157-->src\main\AndroidManifest.xml:149:13-45
158            android:theme="@style/Theme.CaretakerApp.NoActionBar" />
158-->src\main\AndroidManifest.xml:150:13-66
159        <activity
159-->src\main\AndroidManifest.xml:152:9-156:69
160            android:name="com.mihir.alzheimerscaregiver.caretaker.GeofenceManagementActivity"
160-->src\main\AndroidManifest.xml:153:13-55
161            android:exported="false"
161-->src\main\AndroidManifest.xml:154:13-37
162            android:label="Safe Zone Management"
162-->src\main\AndroidManifest.xml:155:13-49
163            android:theme="@style/Theme.CaretakerApp.NoActionBar" />
163-->src\main\AndroidManifest.xml:156:13-66
164
165        <!-- Broadcast Receivers for Notifications -->
166        <receiver
166-->src\main\AndroidManifest.xml:159:9-161:40
167            android:name="com.mihir.alzheimerscaregiver.caretaker.notifications.ReminderReceiver"
167-->src\main\AndroidManifest.xml:160:13-59
168            android:exported="false" />
168-->src\main\AndroidManifest.xml:161:13-37
169        <receiver
169-->src\main\AndroidManifest.xml:163:9-165:40
170            android:name="com.mihir.alzheimerscaregiver.caretaker.notifications.TaskReminderReceiver"
170-->src\main\AndroidManifest.xml:164:13-63
171            android:exported="false" />
171-->src\main\AndroidManifest.xml:165:13-37
172
173        <!-- Firebase Cloud Messaging Service -->
174        <service
174-->src\main\AndroidManifest.xml:168:9-174:19
175            android:name="com.mihir.alzheimerscaregiver.caretaker.services.CaretakerMessagingService"
175-->src\main\AndroidManifest.xml:169:13-63
176            android:exported="false" >
176-->src\main\AndroidManifest.xml:170:13-37
177            <intent-filter>
177-->src\main\AndroidManifest.xml:171:13-173:29
178                <action android:name="com.google.firebase.MESSAGING_EVENT" />
178-->src\main\AndroidManifest.xml:172:17-78
178-->src\main\AndroidManifest.xml:172:25-75
179            </intent-filter>
180        </service>
181
182        <activity
182-->[com.google.firebase:firebase-auth:22.3.1] AndroidManifest.xml:29:9-46:20
183            android:name="com.google.firebase.auth.internal.GenericIdpActivity"
183-->[com.google.firebase:firebase-auth:22.3.1] AndroidManifest.xml:30:13-80
184            android:excludeFromRecents="true"
184-->[com.google.firebase:firebase-auth:22.3.1] AndroidManifest.xml:31:13-46
185            android:exported="true"
185-->[com.google.firebase:firebase-auth:22.3.1] AndroidManifest.xml:32:13-36
186            android:launchMode="singleTask"
186-->[com.google.firebase:firebase-auth:22.3.1] AndroidManifest.xml:33:13-44
187            android:theme="@android:style/Theme.Translucent.NoTitleBar" >
187-->[com.google.firebase:firebase-auth:22.3.1] AndroidManifest.xml:34:13-72
188            <intent-filter>
188-->[com.google.firebase:firebase-auth:22.3.1] AndroidManifest.xml:35:13-45:29
189                <action android:name="android.intent.action.VIEW" />
189-->[com.google.firebase:firebase-auth:22.3.1] AndroidManifest.xml:36:17-69
189-->[com.google.firebase:firebase-auth:22.3.1] AndroidManifest.xml:36:25-66
190
191                <category android:name="android.intent.category.DEFAULT" />
191-->[com.google.firebase:firebase-auth:22.3.1] AndroidManifest.xml:38:17-76
191-->[com.google.firebase:firebase-auth:22.3.1] AndroidManifest.xml:38:27-73
192                <category android:name="android.intent.category.BROWSABLE" />
192-->[com.google.firebase:firebase-auth:22.3.1] AndroidManifest.xml:39:17-78
192-->[com.google.firebase:firebase-auth:22.3.1] AndroidManifest.xml:39:27-75
193
194                <data
194-->[com.google.firebase:firebase-auth:22.3.1] AndroidManifest.xml:41:17-44:51
195                    android:host="firebase.auth"
195-->[com.google.firebase:firebase-auth:22.3.1] AndroidManifest.xml:42:21-49
196                    android:path="/"
196-->[com.google.firebase:firebase-auth:22.3.1] AndroidManifest.xml:43:21-37
197                    android:scheme="genericidp" />
197-->[com.google.firebase:firebase-auth:22.3.1] AndroidManifest.xml:44:21-48
198            </intent-filter>
199        </activity>
200        <activity
200-->[com.google.firebase:firebase-auth:22.3.1] AndroidManifest.xml:47:9-64:20
201            android:name="com.google.firebase.auth.internal.RecaptchaActivity"
201-->[com.google.firebase:firebase-auth:22.3.1] AndroidManifest.xml:48:13-79
202            android:excludeFromRecents="true"
202-->[com.google.firebase:firebase-auth:22.3.1] AndroidManifest.xml:49:13-46
203            android:exported="true"
203-->[com.google.firebase:firebase-auth:22.3.1] AndroidManifest.xml:50:13-36
204            android:launchMode="singleTask"
204-->[com.google.firebase:firebase-auth:22.3.1] AndroidManifest.xml:51:13-44
205            android:theme="@android:style/Theme.Translucent.NoTitleBar" >
205-->[com.google.firebase:firebase-auth:22.3.1] AndroidManifest.xml:52:13-72
206            <intent-filter>
206-->[com.google.firebase:firebase-auth:22.3.1] AndroidManifest.xml:53:13-63:29
207                <action android:name="android.intent.action.VIEW" />
207-->[com.google.firebase:firebase-auth:22.3.1] AndroidManifest.xml:36:17-69
207-->[com.google.firebase:firebase-auth:22.3.1] AndroidManifest.xml:36:25-66
208
209                <category android:name="android.intent.category.DEFAULT" />
209-->[com.google.firebase:firebase-auth:22.3.1] AndroidManifest.xml:38:17-76
209-->[com.google.firebase:firebase-auth:22.3.1] AndroidManifest.xml:38:27-73
210                <category android:name="android.intent.category.BROWSABLE" />
210-->[com.google.firebase:firebase-auth:22.3.1] AndroidManifest.xml:39:17-78
210-->[com.google.firebase:firebase-auth:22.3.1] AndroidManifest.xml:39:27-75
211
212                <data
212-->[com.google.firebase:firebase-auth:22.3.1] AndroidManifest.xml:41:17-44:51
213                    android:host="firebase.auth"
213-->[com.google.firebase:firebase-auth:22.3.1] AndroidManifest.xml:42:21-49
214                    android:path="/"
214-->[com.google.firebase:firebase-auth:22.3.1] AndroidManifest.xml:43:21-37
215                    android:scheme="recaptcha" />
215-->[com.google.firebase:firebase-auth:22.3.1] AndroidManifest.xml:44:21-48
216            </intent-filter>
217        </activity>
218
219        <service
219-->[com.google.firebase:firebase-auth:22.3.1] AndroidManifest.xml:66:9-72:19
220            android:name="com.google.firebase.components.ComponentDiscoveryService"
220-->[com.google.firebase:firebase-auth:22.3.1] AndroidManifest.xml:67:13-84
221            android:directBootAware="true"
221-->[com.google.firebase:firebase-common:20.4.2] AndroidManifest.xml:32:13-43
222            android:exported="false" >
222-->[com.google.firebase:firebase-auth:22.3.1] AndroidManifest.xml:68:13-37
223            <meta-data
223-->[com.google.firebase:firebase-auth:22.3.1] AndroidManifest.xml:69:13-71:85
224                android:name="com.google.firebase.components:com.google.firebase.auth.FirebaseAuthRegistrar"
224-->[com.google.firebase:firebase-auth:22.3.1] AndroidManifest.xml:70:17-109
225                android:value="com.google.firebase.components.ComponentRegistrar" />
225-->[com.google.firebase:firebase-auth:22.3.1] AndroidManifest.xml:71:17-82
226            <meta-data
226-->[com.google.firebase:firebase-firestore:24.10.2] AndroidManifest.xml:17:13-19:85
227                android:name="com.google.firebase.components:com.google.firebase.firestore.FirebaseFirestoreKtxRegistrar"
227-->[com.google.firebase:firebase-firestore:24.10.2] AndroidManifest.xml:18:17-122
228                android:value="com.google.firebase.components.ComponentRegistrar" />
228-->[com.google.firebase:firebase-firestore:24.10.2] AndroidManifest.xml:19:17-82
229            <meta-data
229-->[com.google.firebase:firebase-firestore:24.10.2] AndroidManifest.xml:20:13-22:85
230                android:name="com.google.firebase.components:com.google.firebase.firestore.FirestoreRegistrar"
230-->[com.google.firebase:firebase-firestore:24.10.2] AndroidManifest.xml:21:17-111
231                android:value="com.google.firebase.components.ComponentRegistrar" />
231-->[com.google.firebase:firebase-firestore:24.10.2] AndroidManifest.xml:22:17-82
232            <meta-data
232-->[com.google.firebase:firebase-storage:20.3.0] AndroidManifest.xml:30:13-32:85
233                android:name="com.google.firebase.components:com.google.firebase.storage.FirebaseStorageKtxRegistrar"
233-->[com.google.firebase:firebase-storage:20.3.0] AndroidManifest.xml:31:17-118
234                android:value="com.google.firebase.components.ComponentRegistrar" />
234-->[com.google.firebase:firebase-storage:20.3.0] AndroidManifest.xml:32:17-82
235            <meta-data
235-->[com.google.firebase:firebase-storage:20.3.0] AndroidManifest.xml:33:13-35:85
236                android:name="com.google.firebase.components:com.google.firebase.storage.StorageRegistrar"
236-->[com.google.firebase:firebase-storage:20.3.0] AndroidManifest.xml:34:17-107
237                android:value="com.google.firebase.components.ComponentRegistrar" />
237-->[com.google.firebase:firebase-storage:20.3.0] AndroidManifest.xml:35:17-82
238            <meta-data
238-->[com.google.firebase:firebase-database:20.3.0] AndroidManifest.xml:29:13-31:85
239                android:name="com.google.firebase.components:com.google.firebase.database.FirebaseDatabaseKtxRegistrar"
239-->[com.google.firebase:firebase-database:20.3.0] AndroidManifest.xml:30:17-120
240                android:value="com.google.firebase.components.ComponentRegistrar" />
240-->[com.google.firebase:firebase-database:20.3.0] AndroidManifest.xml:31:17-82
241            <meta-data
241-->[com.google.firebase:firebase-database:20.3.0] AndroidManifest.xml:32:13-34:85
242                android:name="com.google.firebase.components:com.google.firebase.database.DatabaseRegistrar"
242-->[com.google.firebase:firebase-database:20.3.0] AndroidManifest.xml:33:17-109
243                android:value="com.google.firebase.components.ComponentRegistrar" />
243-->[com.google.firebase:firebase-database:20.3.0] AndroidManifest.xml:34:17-82
244            <meta-data
244-->[com.google.firebase:firebase-messaging:23.4.1] AndroidManifest.xml:57:13-59:85
245                android:name="com.google.firebase.components:com.google.firebase.messaging.FirebaseMessagingKtxRegistrar"
245-->[com.google.firebase:firebase-messaging:23.4.1] AndroidManifest.xml:58:17-122
246                android:value="com.google.firebase.components.ComponentRegistrar" />
246-->[com.google.firebase:firebase-messaging:23.4.1] AndroidManifest.xml:59:17-82
247            <meta-data
247-->[com.google.firebase:firebase-messaging:23.4.1] AndroidManifest.xml:60:13-62:85
248                android:name="com.google.firebase.components:com.google.firebase.messaging.FirebaseMessagingRegistrar"
248-->[com.google.firebase:firebase-messaging:23.4.1] AndroidManifest.xml:61:17-119
249                android:value="com.google.firebase.components.ComponentRegistrar" />
249-->[com.google.firebase:firebase-messaging:23.4.1] AndroidManifest.xml:62:17-82
250            <meta-data
250-->[com.google.firebase:firebase-appcheck:17.1.2] AndroidManifest.xml:25:13-27:85
251                android:name="com.google.firebase.components:com.google.firebase.appcheck.FirebaseAppCheckKtxRegistrar"
251-->[com.google.firebase:firebase-appcheck:17.1.2] AndroidManifest.xml:26:17-120
252                android:value="com.google.firebase.components.ComponentRegistrar" />
252-->[com.google.firebase:firebase-appcheck:17.1.2] AndroidManifest.xml:27:17-82
253            <meta-data
253-->[com.google.firebase:firebase-appcheck:17.1.2] AndroidManifest.xml:28:13-30:85
254                android:name="com.google.firebase.components:com.google.firebase.appcheck.FirebaseAppCheckRegistrar"
254-->[com.google.firebase:firebase-appcheck:17.1.2] AndroidManifest.xml:29:17-117
255                android:value="com.google.firebase.components.ComponentRegistrar" />
255-->[com.google.firebase:firebase-appcheck:17.1.2] AndroidManifest.xml:30:17-82
256            <meta-data
256-->[com.google.firebase:firebase-installations:17.2.0] AndroidManifest.xml:15:13-17:85
257                android:name="com.google.firebase.components:com.google.firebase.installations.FirebaseInstallationsKtxRegistrar"
257-->[com.google.firebase:firebase-installations:17.2.0] AndroidManifest.xml:16:17-130
258                android:value="com.google.firebase.components.ComponentRegistrar" />
258-->[com.google.firebase:firebase-installations:17.2.0] AndroidManifest.xml:17:17-82
259            <meta-data
259-->[com.google.firebase:firebase-installations:17.2.0] AndroidManifest.xml:18:13-20:85
260                android:name="com.google.firebase.components:com.google.firebase.installations.FirebaseInstallationsRegistrar"
260-->[com.google.firebase:firebase-installations:17.2.0] AndroidManifest.xml:19:17-127
261                android:value="com.google.firebase.components.ComponentRegistrar" />
261-->[com.google.firebase:firebase-installations:17.2.0] AndroidManifest.xml:20:17-82
262            <meta-data
262-->[com.google.firebase:firebase-common-ktx:20.4.2] AndroidManifest.xml:12:13-14:85
263                android:name="com.google.firebase.components:com.google.firebase.ktx.FirebaseCommonLegacyRegistrar"
263-->[com.google.firebase:firebase-common-ktx:20.4.2] AndroidManifest.xml:13:17-116
264                android:value="com.google.firebase.components.ComponentRegistrar" />
264-->[com.google.firebase:firebase-common-ktx:20.4.2] AndroidManifest.xml:14:17-82
265            <meta-data
265-->[com.google.firebase:firebase-common:20.4.2] AndroidManifest.xml:35:13-37:85
266                android:name="com.google.firebase.components:com.google.firebase.FirebaseCommonKtxRegistrar"
266-->[com.google.firebase:firebase-common:20.4.2] AndroidManifest.xml:36:17-109
267                android:value="com.google.firebase.components.ComponentRegistrar" />
267-->[com.google.firebase:firebase-common:20.4.2] AndroidManifest.xml:37:17-82
268            <meta-data
268-->[com.google.firebase:firebase-datatransport:18.1.7] AndroidManifest.xml:27:13-29:85
269                android:name="com.google.firebase.components:com.google.firebase.datatransport.TransportRegistrar"
269-->[com.google.firebase:firebase-datatransport:18.1.7] AndroidManifest.xml:28:17-115
270                android:value="com.google.firebase.components.ComponentRegistrar" />
270-->[com.google.firebase:firebase-datatransport:18.1.7] AndroidManifest.xml:29:17-82
271        </service>
272
273        <receiver
273-->[com.google.firebase:firebase-messaging:23.4.1] AndroidManifest.xml:29:9-40:20
274            android:name="com.google.firebase.iid.FirebaseInstanceIdReceiver"
274-->[com.google.firebase:firebase-messaging:23.4.1] AndroidManifest.xml:30:13-78
275            android:exported="true"
275-->[com.google.firebase:firebase-messaging:23.4.1] AndroidManifest.xml:31:13-36
276            android:permission="com.google.android.c2dm.permission.SEND" >
276-->[com.google.firebase:firebase-messaging:23.4.1] AndroidManifest.xml:32:13-73
277            <intent-filter>
277-->[com.google.firebase:firebase-messaging:23.4.1] AndroidManifest.xml:33:13-35:29
278                <action android:name="com.google.android.c2dm.intent.RECEIVE" />
278-->[com.google.firebase:firebase-messaging:23.4.1] AndroidManifest.xml:34:17-81
278-->[com.google.firebase:firebase-messaging:23.4.1] AndroidManifest.xml:34:25-78
279            </intent-filter>
280
281            <meta-data